2025-05-06 11:24:26,847 - SteganographyTraining - INFO - ================================================================================
2025-05-06 11:24:26,847 - SteganographyTraining - INFO - STARTING NEW TRAINING SESSION: 2025-05-06 11:24:26
2025-05-06 11:24:26,847 - SteganographyTraining - INFO - Using loss function: log_mel
2025-05-06 11:24:26,847 - SteganographyTraining - INFO - ================================================================================
2025-05-06 11:24:26,849 - root - INFO - Using loss function from command line: log_mel
2025-05-06 11:24:26,861 - root - INFO - Using device: mps
2025-05-06 11:24:26,861 - root - INFO - Created model directories successfully
2025-05-06 11:24:26,861 - root - INFO - Logs will be saved to: final_models/log_mel/logs/training.log
2025-05-06 11:24:26,862 - root - INFO - Loading dataset from ./50_speakers_audio_data
2025-05-06 11:24:26,862 - SteganographyTraining - INFO - Scanning directory ./50_speakers_audio_data for WAV files...
2025-05-06 11:24:26,872 - SteganographyTraining - INFO - Found 2450 potential WAV files for training
2025-05-06 11:24:27,000 - root - INFO - Training with loss function: log_mel
/Users/yash/Documents/course/Semester 2 /Speech Audio/Project/venv/lib/python3.10/site-packages/torch/optim/lr_scheduler.py:62: UserWarning: The verbose parameter is deprecated. Please use get_last_lr() to access the learning rate.
  warnings.warn(
Loaded settings from .env with loss function: log_mel
Epoch 1/20:   0%|          | 0/613 [00:00<?, ?it/s]Epoch 1/20:   0%|          | 0/613 [00:01<?, ?it/s]
Traceback (most recent call last):
  File "/Users/yash/Documents/course/Semester 2 /Speech Audio/Project/training/train.py", line 451, in <module>
    train_models(encoder, decoder, dataloader, device, settings, None)
  File "/Users/yash/Documents/course/Semester 2 /Speech Audio/Project/training/train.py", line 255, in train_models
    for i, (clean_audio, _) in enumerate(pbar):
ValueError: too many values to unpack (expected 2)
