2025-05-05 21:13:32,833 - SteganographyTraining - INFO - ================================================================================
2025-05-05 21:13:32,833 - SteganographyTraining - INFO - STARTING NEW TRAINING SESSION: 2025-05-05 21:13:32
2025-05-05 21:13:32,833 - SteganographyTraining - INFO - Using loss function: psychoacoustic
2025-05-05 21:13:32,833 - SteganographyTraining - INFO - ================================================================================
2025-05-05 21:13:32,854 - SteganographyTraining - INFO - MPS detected. Using Apple Silicon GPU.
2025-05-05 21:13:32,854 - SteganographyTraining - INFO - Using device: mps
2025-05-05 21:13:32,854 - SteganographyTraining - INFO - Starting training with parameters:
2025-05-05 21:13:32,854 - SteganographyTraining - INFO - - Training directory: ./50_speakers_audio_data
2025-05-05 21:13:32,854 - SteganographyTraining - INFO - - Number of epochs: 15
2025-05-05 21:13:32,854 - SteganographyTraining - INFO - - Batch size: 4
2025-05-05 21:13:32,854 - SteganographyTraining - INFO - - Device: mps
2025-05-05 21:13:32,854 - SteganographyTraining - INFO - - Loss function: psychoacoustic
2025-05-05 21:13:32,854 - SteganographyTraining - INFO - Created model directories successfully
2025-05-05 21:13:32,855 - SteganographyTraining - INFO - Logs will be saved to: final_models/psychoacoustic/logs
2025-05-05 21:13:32,855 - SteganographyTraining - INFO - Scanning directory ./50_speakers_audio_data for WAV files...
2025-05-05 21:13:32,858 - SteganographyTraining - INFO - Found 2450 potential WAV files for training
2025-05-05 21:13:32,858 - SteganographyTraining - INFO - Dataset preparation took 0.00 seconds
2025-05-05 21:13:32,858 - SteganographyTraining - INFO - Estimated training time (approx): 1:16:37
2025-05-05 21:13:32,858 - SteganographyTraining - INFO - Estimated completion time (approx): 2025-05-05 22:30:10
2025-05-05 21:13:34,087 - SteganographyTraining - INFO - Moth Encoder Architecture:
MothEncoder(
  (conv1): Conv1d(1, 32, kernel_size=(8,), stride=(4,))
  (conv2): Conv1d(32, 64, kernel_size=(8,), stride=(4,))
  (conv3): Conv1d(64, 128, kernel_size=(8,), stride=(4,))
  (fc1): Linear(in_features=191744, out_features=512, bias=True)
  (fc2): Linear(in_features=512, out_features=96000, bias=True)
)
2025-05-05 21:13:34,087 - SteganographyTraining - INFO - Bat Decoder Architecture:
BatDecoder(
  (conv1): Conv1d(1, 64, kernel_size=(8,), stride=(4,))
  (bn1): BatchNorm1d(64, eps=1e-05, momentum=0.1, affine=True, track_running_stats=True)
  (conv2): Conv1d(64, 128, kernel_size=(8,), stride=(4,))
  (bn2): BatchNorm1d(128, eps=1e-05, momentum=0.1, affine=True, track_running_stats=True)
  (conv3): Conv1d(128, 256, kernel_size=(8,), stride=(4,))
  (bn3): BatchNorm1d(256, eps=1e-05, momentum=0.1, affine=True, track_running_stats=True)
  (conv4): Conv1d(256, 256, kernel_size=(8,), stride=(4,))
  (bn4): BatchNorm1d(256, eps=1e-05, momentum=0.1, affine=True, track_running_stats=True)
  (fc1): Linear(in_features=95488, out_features=512, bias=True)
  (dropout1): Dropout(p=0.3, inplace=False)
  (fc2): Linear(in_features=512, out_features=256, bias=True)
  (dropout2): Dropout(p=0.3, inplace=False)
  (fc3): Linear(in_features=256, out_features=1, bias=True)
)
Epoch 1/15:   0%|          | 0/613 [00:00<?, ?it/s]Epoch 1/15:   0%|          | 0/613 [00:01<?, ?it/s]
Traceback (most recent call last):
  File "/Users/yash/Documents/course/Semester 2 /Speech Audio/Project/training/train.py", line 527, in <module>
    train_models(args.train_dir)
  File "/Users/yash/Documents/course/Semester 2 /Speech Audio/Project/training/train.py", line 356, in train_models
    pred_original = decoder(audio)
  File "/Users/yash/Documents/course/Semester 2 /Speech Audio/Project/venv/lib/python3.10/site-packages/torch/nn/modules/module.py", line 1739, in _wrapped_call_impl
    return self._call_impl(*args, **kwargs)
  File "/Users/yash/Documents/course/Semester 2 /Speech Audio/Project/venv/lib/python3.10/site-packages/torch/nn/modules/module.py", line 1750, in _call_impl
    return forward_call(*args, **kwargs)
  File "/Users/yash/Documents/course/Semester 2 /Speech Audio/Project/models/bat/decoder.py", line 139, in forward
    features = self._forward_features(x)
  File "/Users/yash/Documents/course/Semester 2 /Speech Audio/Project/models/bat/decoder.py", line 58, in _forward_features
    x = F.relu(self.bn1(self.conv1(x)))
  File "/Users/yash/Documents/course/Semester 2 /Speech Audio/Project/venv/lib/python3.10/site-packages/torch/nn/modules/module.py", line 1739, in _wrapped_call_impl
    return self._call_impl(*args, **kwargs)
  File "/Users/yash/Documents/course/Semester 2 /Speech Audio/Project/venv/lib/python3.10/site-packages/torch/nn/modules/module.py", line 1750, in _call_impl
    return forward_call(*args, **kwargs)
  File "/Users/yash/Documents/course/Semester 2 /Speech Audio/Project/venv/lib/python3.10/site-packages/torch/nn/modules/conv.py", line 375, in forward
    return self._conv_forward(input, self.weight, self.bias)
  File "/Users/yash/Documents/course/Semester 2 /Speech Audio/Project/venv/lib/python3.10/site-packages/torch/nn/modules/conv.py", line 370, in _conv_forward
    return F.conv1d(
NotImplementedError: Output channels > 65536 not supported at the MPS device. 
