2025-05-05 21:16:51,150 - SteganographyTraining - INFO - ================================================================================
2025-05-05 21:16:51,151 - SteganographyTraining - INFO - STARTING NEW TRAINING SESSION: 2025-05-05 21:16:51
2025-05-05 21:16:51,151 - SteganographyTraining - INFO - Using loss function: psychoacoustic
2025-05-05 21:16:51,151 - SteganographyTraining - INFO - ================================================================================
2025-05-05 21:16:51,164 - SteganographyTraining - INFO - MPS detected. Using Apple Silicon GPU.
2025-05-05 21:16:51,164 - SteganographyTraining - INFO - Using device: mps
2025-05-05 21:16:51,165 - SteganographyTraining - INFO - Starting training with parameters:
2025-05-05 21:16:51,165 - SteganographyTraining - INFO - - Training directory: ./50_speakers_audio_data
2025-05-05 21:16:51,165 - SteganographyTraining - INFO - - Number of epochs: 15
2025-05-05 21:16:51,165 - SteganographyTraining - INFO - - Batch size: 4
2025-05-05 21:16:51,165 - SteganographyTraining - INFO - - Device: mps
2025-05-05 21:16:51,165 - SteganographyTraining - INFO - - Loss function: psychoacoustic
2025-05-05 21:16:51,165 - SteganographyTraining - INFO - Created model directories successfully
2025-05-05 21:16:51,165 - SteganographyTraining - INFO - Logs will be saved to: final_models/psychoacoustic/logs
2025-05-05 21:16:51,165 - SteganographyTraining - INFO - Scanning directory ./50_speakers_audio_data for WAV files...
2025-05-05 21:16:51,169 - SteganographyTraining - INFO - Found 2450 potential WAV files for training
2025-05-05 21:16:51,169 - SteganographyTraining - INFO - Dataset preparation took 0.00 seconds
2025-05-05 21:16:51,169 - SteganographyTraining - INFO - Estimated training time (approx): 1:16:37
2025-05-05 21:16:51,169 - SteganographyTraining - INFO - Estimated completion time (approx): 2025-05-05 22:33:28
2025-05-05 21:16:52,423 - SteganographyTraining - INFO - Moth Encoder Architecture:
MothEncoder(
  (conv1): Conv1d(1, 32, kernel_size=(8,), stride=(4,))
  (conv2): Conv1d(32, 64, kernel_size=(8,), stride=(4,))
  (conv3): Conv1d(64, 128, kernel_size=(8,), stride=(4,))
  (fc1): Linear(in_features=191744, out_features=512, bias=True)
  (fc2): Linear(in_features=512, out_features=96000, bias=True)
)
2025-05-05 21:16:52,423 - SteganographyTraining - INFO - Bat Decoder Architecture:
BatDecoder(
  (conv1): Conv1d(1, 64, kernel_size=(8,), stride=(4,))
  (bn1): BatchNorm1d(64, eps=1e-05, momentum=0.1, affine=True, track_running_stats=True)
  (conv2): Conv1d(64, 128, kernel_size=(8,), stride=(4,))
  (bn2): BatchNorm1d(128, eps=1e-05, momentum=0.1, affine=True, track_running_stats=True)
  (conv3): Conv1d(128, 256, kernel_size=(8,), stride=(4,))
  (bn3): BatchNorm1d(256, eps=1e-05, momentum=0.1, affine=True, track_running_stats=True)
  (conv4): Conv1d(256, 256, kernel_size=(8,), stride=(4,))
  (bn4): BatchNorm1d(256, eps=1e-05, momentum=0.1, affine=True, track_running_stats=True)
  (fc1): Linear(in_features=95488, out_features=512, bias=True)
  (dropout1): Dropout(p=0.3, inplace=False)
  (fc2): Linear(in_features=512, out_features=256, bias=True)
  (dropout2): Dropout(p=0.3, inplace=False)
  (fc3): Linear(in_features=256, out_features=1, bias=True)
)
Epoch 1/15:   0%|          | 0/613 [00:00<?, ?it/s]Epoch 1/15:   0%|          | 0/613 [00:01<?, ?it/s]
Traceback (most recent call last):
  File "/Users/yash/Documents/course/Semester 2 /Speech Audio/Project/training/train.py", line 534, in <module>
    train_models(args.train_dir)
  File "/Users/yash/Documents/course/Semester 2 /Speech Audio/Project/training/train.py", line 363, in train_models
    pred_original = decoder(audio)
  File "/Users/yash/Documents/course/Semester 2 /Speech Audio/Project/venv/lib/python3.10/site-packages/torch/nn/modules/module.py", line 1739, in _wrapped_call_impl
    return self._call_impl(*args, **kwargs)
  File "/Users/yash/Documents/course/Semester 2 /Speech Audio/Project/venv/lib/python3.10/site-packages/torch/nn/modules/module.py", line 1750, in _call_impl
    return forward_call(*args, **kwargs)
  File "/Users/yash/Documents/course/Semester 2 /Speech Audio/Project/models/bat/decoder.py", line 150, in forward
    x = F.relu(self.fc1(x))
  File "/Users/yash/Documents/course/Semester 2 /Speech Audio/Project/venv/lib/python3.10/site-packages/torch/nn/modules/module.py", line 1739, in _wrapped_call_impl
    return self._call_impl(*args, **kwargs)
  File "/Users/yash/Documents/course/Semester 2 /Speech Audio/Project/venv/lib/python3.10/site-packages/torch/nn/modules/module.py", line 1750, in _call_impl
    return forward_call(*args, **kwargs)
  File "/Users/yash/Documents/course/Semester 2 /Speech Audio/Project/venv/lib/python3.10/site-packages/torch/nn/modules/linear.py", line 125, in forward
    return F.linear(input, self.weight, self.bias)
RuntimeError: linear(): input and weight.T shapes cannot be multiplied (4x256 and 95488x512)
