2025-05-05 21:20:34,129 - SteganographyTraining - INFO - Created model directories successfully
2025-05-05 21:20:34,129 - SteganographyTraining - INFO - Logs will be saved to: final_models/psychoacoustic/logs
2025-05-05 21:20:34,129 - SteganographyTraining - INFO - Scanning directory ./50_speakers_audio_data for WAV files...
2025-05-05 21:20:34,133 - SteganographyTraining - INFO - Found 2450 potential WAV files for training
2025-05-05 21:20:34,133 - SteganographyTraining - INFO - Dataset preparation took 0.00 seconds
2025-05-05 21:20:34,133 - SteganographyTraining - INFO - Estimated training time (approx): 1:16:37
2025-05-05 21:20:34,133 - SteganographyTraining - INFO - Estimated completion time (approx): 2025-05-05 22:37:11
2025-05-05 21:20:34,161 - SteganographyTraining - INFO - Moth Encoder Architecture:
MothEncoder(
  (conv1): Conv1d(1, 32, kernel_size=(8,), stride=(4,))
  (conv2): Conv1d(32, 64, kernel_size=(8,), stride=(4,))
  (conv3): Conv1d(64, 128, kernel_size=(8,), stride=(4,))
  (hidden_conv): Conv1d(128, 512, kernel_size=(1,), stride=(1,))
)
2025-05-05 21:20:34,161 - SteganographyTraining - INFO - Bat Decoder Architecture:
BatDecoder(
  (conv1): Conv1d(1, 64, kernel_size=(8,), stride=(4,))
  (bn1): BatchNorm1d(64, eps=1e-05, momentum=0.1, affine=True, track_running_stats=True)
  (conv2): Conv1d(64, 128, kernel_size=(8,), stride=(4,))
  (bn2): BatchNorm1d(128, eps=1e-05, momentum=0.1, affine=True, track_running_stats=True)
  (conv3): Conv1d(128, 256, kernel_size=(8,), stride=(4,))
  (bn3): BatchNorm1d(256, eps=1e-05, momentum=0.1, affine=True, track_running_stats=True)
  (conv4): Conv1d(256, 256, kernel_size=(8,), stride=(4,))
  (bn4): BatchNorm1d(256, eps=1e-05, momentum=0.1, affine=True, track_running_stats=True)
  (global_pool): AdaptiveAvgPool1d(output_size=1)
  (fc1): Linear(in_features=256, out_features=512, bias=True)
  (dropout1): Dropout(p=0.3, inplace=False)
  (fc2): Linear(in_features=512, out_features=256, bias=True)
  (dropout2): Dropout(p=0.3, inplace=False)
  (fc3): Linear(in_features=256, out_features=1, bias=True)
)
2025-05-05 21:25:37,284 - SteganographyTraining - INFO - 
Epoch 1/15:
2025-05-05 21:25:37,284 - SteganographyTraining - INFO - - Batches Processed: 613
2025-05-05 21:25:37,284 - SteganographyTraining - INFO - - Average Encoder Loss: 0.2376
2025-05-05 21:25:37,284 - SteganographyTraining - INFO - - Average Decoder Loss: 0.1813
2025-05-05 21:25:37,284 - SteganographyTraining - INFO - - Average Decoder Accuracy: 0.5086
2025-05-05 21:25:37,284 - SteganographyTraining - INFO - - Average Perceptual Loss: 0.0010
2025-05-05 21:25:37,284 - SteganographyTraining - INFO - - Average Detection Loss: 0.4741
2025-05-05 21:25:37,284 - SteganographyTraining - INFO - - Epoch Time: 0:05:02
2025-05-05 21:25:37,285 - SteganographyTraining - INFO - - Estimated Remaining Time: 1:10:34
2025-05-05 21:30:38,772 - SteganographyTraining - INFO - 
Epoch 2/15:
2025-05-05 21:30:38,772 - SteganographyTraining - INFO - - Batches Processed: 613
2025-05-05 21:30:38,772 - SteganographyTraining - INFO - - Average Encoder Loss: 0.2377
2025-05-05 21:30:38,773 - SteganographyTraining - INFO - - Average Decoder Loss: 0.1767
2025-05-05 21:30:38,773 - SteganographyTraining - INFO - - Average Decoder Accuracy: 0.5055
2025-05-05 21:30:38,773 - SteganographyTraining - INFO - - Average Perceptual Loss: 0.0010
2025-05-05 21:30:38,773 - SteganographyTraining - INFO - - Average Detection Loss: 0.4744
2025-05-05 21:30:38,773 - SteganographyTraining - INFO - - Epoch Time: 0:05:01
2025-05-05 21:30:38,773 - SteganographyTraining - INFO - - Estimated Remaining Time: 1:05:25
2025-05-05 21:35:39,998 - SteganographyTraining - INFO - 
Epoch 3/15:
2025-05-05 21:35:39,998 - SteganographyTraining - INFO - - Batches Processed: 613
2025-05-05 21:35:39,998 - SteganographyTraining - INFO - - Average Encoder Loss: 0.2376
2025-05-05 21:35:39,999 - SteganographyTraining - INFO - - Average Decoder Loss: 0.1766
2025-05-05 21:35:39,999 - SteganographyTraining - INFO - - Average Decoder Accuracy: 0.4904
2025-05-05 21:35:39,999 - SteganographyTraining - INFO - - Average Perceptual Loss: 0.0010
2025-05-05 21:35:39,999 - SteganographyTraining - INFO - - Average Detection Loss: 0.4742
2025-05-05 21:35:39,999 - SteganographyTraining - INFO - - Epoch Time: 0:05:01
2025-05-05 21:35:39,999 - SteganographyTraining - INFO - - Estimated Remaining Time: 1:00:20
2025-05-05 21:40:42,865 - SteganographyTraining - INFO - 
Epoch 4/15:
2025-05-05 21:40:42,866 - SteganographyTraining - INFO - - Batches Processed: 613
2025-05-05 21:40:42,866 - SteganographyTraining - INFO - - Average Encoder Loss: 0.2378
2025-05-05 21:40:42,867 - SteganographyTraining - INFO - - Average Decoder Loss: 0.1752
2025-05-05 21:40:42,867 - SteganographyTraining - INFO - - Average Decoder Accuracy: 0.4976
2025-05-05 21:40:42,867 - SteganographyTraining - INFO - - Average Perceptual Loss: 0.0010
2025-05-05 21:40:42,867 - SteganographyTraining - INFO - - Average Detection Loss: 0.4745
2025-05-05 21:40:42,867 - SteganographyTraining - INFO - - Epoch Time: 0:05:02
2025-05-05 21:40:42,867 - SteganographyTraining - INFO - - Estimated Remaining Time: 0:55:22
