2025-05-06 11:25:32,934 - SteganographyTraining - INFO - ================================================================================
2025-05-06 11:25:32,935 - SteganographyTraining - INFO - STARTING NEW TRAINING SESSION: 2025-05-06 11:25:32
2025-05-06 11:25:32,935 - SteganographyTraining - INFO - Using loss function: log_mel
2025-05-06 11:25:32,935 - SteganographyTraining - INFO - ================================================================================
2025-05-06 11:25:32,936 - root - INFO - Using loss function from command line: log_mel
2025-05-06 11:25:32,946 - root - INFO - Using device: mps
2025-05-06 11:25:32,946 - root - INFO - Created model directories successfully
2025-05-06 11:25:32,946 - root - INFO - Logs will be saved to: final_models/log_mel/logs/training.log
2025-05-06 11:25:32,946 - root - INFO - Loading dataset from ./50_speakers_audio_data
2025-05-06 11:25:32,946 - SteganographyTraining - INFO - Scanning directory ./50_speakers_audio_data for WAV files...
2025-05-06 11:25:32,950 - SteganographyTraining - INFO - Found 2450 potential WAV files for training
2025-05-06 11:25:33,047 - root - INFO - Training with loss function: log_mel
/Users/yash/Documents/course/Semester 2 /Speech Audio/Project/venv/lib/python3.10/site-packages/torch/optim/lr_scheduler.py:62: UserWarning: The verbose parameter is deprecated. Please use get_last_lr() to access the learning rate.
  warnings.warn(
Loaded settings from .env with loss function: log_mel
Epoch 1/20:   0%|          | 0/613 [00:00<?, ?it/s]Epoch 1/20:   0%|          | 0/613 [00:00<?, ?it/s]
Traceback (most recent call last):
  File "/Users/yash/Documents/course/Semester 2 /Speech Audio/Project/training/train.py", line 464, in <module>
    train_models(encoder, decoder, dataloader, device, settings, None)
  File "/Users/yash/Documents/course/Semester 2 /Speech Audio/Project/training/train.py", line 281, in train_models
    original_audio, watermarked_audio = encoder(clean_audio)
  File "/Users/yash/Documents/course/Semester 2 /Speech Audio/Project/venv/lib/python3.10/site-packages/torch/nn/modules/module.py", line 1739, in _wrapped_call_impl
    return self._call_impl(*args, **kwargs)
  File "/Users/yash/Documents/course/Semester 2 /Speech Audio/Project/venv/lib/python3.10/site-packages/torch/nn/modules/module.py", line 1750, in _call_impl
    return forward_call(*args, **kwargs)
  File "/Users/yash/Documents/course/Semester 2 /Speech Audio/Project/models/moth/encoder.py", line 88, in forward
    x = self.preprocess(audio_signal)
  File "/Users/yash/Documents/course/Semester 2 /Speech Audio/Project/venv/lib/python3.10/site-packages/torch/nn/modules/module.py", line 1739, in _wrapped_call_impl
    return self._call_impl(*args, **kwargs)
  File "/Users/yash/Documents/course/Semester 2 /Speech Audio/Project/venv/lib/python3.10/site-packages/torch/nn/modules/module.py", line 1750, in _call_impl
    return forward_call(*args, **kwargs)
  File "/Users/yash/Documents/course/Semester 2 /Speech Audio/Project/venv/lib/python3.10/site-packages/torch/nn/modules/container.py", line 250, in forward
    input = module(input)
  File "/Users/yash/Documents/course/Semester 2 /Speech Audio/Project/venv/lib/python3.10/site-packages/torch/nn/modules/module.py", line 1739, in _wrapped_call_impl
    return self._call_impl(*args, **kwargs)
  File "/Users/yash/Documents/course/Semester 2 /Speech Audio/Project/venv/lib/python3.10/site-packages/torch/nn/modules/module.py", line 1750, in _call_impl
    return forward_call(*args, **kwargs)
  File "/Users/yash/Documents/course/Semester 2 /Speech Audio/Project/venv/lib/python3.10/site-packages/torch/nn/modules/conv.py", line 375, in forward
    return self._conv_forward(input, self.weight, self.bias)
  File "/Users/yash/Documents/course/Semester 2 /Speech Audio/Project/venv/lib/python3.10/site-packages/torch/nn/modules/conv.py", line 370, in _conv_forward
    return F.conv1d(
RuntimeError: Given groups=1, weight of size [64, 1, 8], expected input[1, 4, 240000] to have 1 channels, but got 4 channels instead
