2025-05-05 21:44:46,134 - SteganographyTraining - INFO - Created model directories successfully
2025-05-05 21:44:46,134 - SteganographyTraining - INFO - Logs will be saved to: final_models/log_mel/logs
2025-05-05 21:44:46,134 - SteganographyTraining - INFO - Scanning directory ./50_speakers_audio_data for WAV files...
2025-05-05 21:44:46,138 - SteganographyTraining - INFO - Found 2450 potential WAV files for training
2025-05-05 21:44:46,139 - SteganographyTraining - INFO - Dataset preparation took 0.00 seconds
2025-05-05 21:44:46,139 - SteganographyTraining - INFO - Estimated training time (approx): 1:16:37
2025-05-05 21:44:46,139 - SteganographyTraining - INFO - Estimated completion time (approx): 2025-05-05 23:01:23
2025-05-05 21:44:46,164 - SteganographyTraining - INFO - Moth Encoder Architecture:
MothEncoder(
  (conv1): Conv1d(1, 32, kernel_size=(8,), stride=(4,))
  (conv2): Conv1d(32, 64, kernel_size=(8,), stride=(4,))
  (conv3): Conv1d(64, 128, kernel_size=(8,), stride=(4,))
  (hidden_conv): Conv1d(128, 512, kernel_size=(1,), stride=(1,))
)
2025-05-05 21:44:46,164 - SteganographyTraining - INFO - Bat Decoder Architecture:
BatDecoder(
  (conv1): Conv1d(1, 64, kernel_size=(8,), stride=(4,))
  (bn1): BatchNorm1d(64, eps=1e-05, momentum=0.1, affine=True, track_running_stats=True)
  (conv2): Conv1d(64, 128, kernel_size=(8,), stride=(4,))
  (bn2): BatchNorm1d(128, eps=1e-05, momentum=0.1, affine=True, track_running_stats=True)
  (conv3): Conv1d(128, 256, kernel_size=(8,), stride=(4,))
  (bn3): BatchNorm1d(256, eps=1e-05, momentum=0.1, affine=True, track_running_stats=True)
  (conv4): Conv1d(256, 256, kernel_size=(8,), stride=(4,))
  (bn4): BatchNorm1d(256, eps=1e-05, momentum=0.1, affine=True, track_running_stats=True)
  (global_pool): AdaptiveAvgPool1d(output_size=1)
  (fc1): Linear(in_features=256, out_features=512, bias=True)
  (dropout1): Dropout(p=0.3, inplace=False)
  (fc2): Linear(in_features=512, out_features=256, bias=True)
  (dropout2): Dropout(p=0.3, inplace=False)
  (fc3): Linear(in_features=256, out_features=1, bias=True)
)
2025-05-05 21:49:51,022 - SteganographyTraining - INFO - 
Epoch 1/15:
2025-05-05 21:49:51,023 - SteganographyTraining - INFO - - Batches Processed: 613
2025-05-05 21:49:51,023 - SteganographyTraining - INFO - - Average Encoder Loss: 0.2379
2025-05-05 21:49:51,023 - SteganographyTraining - INFO - - Average Decoder Loss: 0.1809
2025-05-05 21:49:51,023 - SteganographyTraining - INFO - - Average Decoder Accuracy: 0.5022
2025-05-05 21:49:51,023 - SteganographyTraining - INFO - - Average Perceptual Loss: 0.0010
2025-05-05 21:49:51,023 - SteganographyTraining - INFO - - Average Detection Loss: 0.4749
2025-05-05 21:49:51,023 - SteganographyTraining - INFO - - Epoch Time: 0:05:04
2025-05-05 21:49:51,023 - SteganographyTraining - INFO - - Estimated Remaining Time: 1:10:59
2025-05-05 21:54:49,715 - SteganographyTraining - INFO - 
Epoch 2/15:
2025-05-05 21:54:49,715 - SteganographyTraining - INFO - - Batches Processed: 613
2025-05-05 21:54:49,715 - SteganographyTraining - INFO - - Average Encoder Loss: 0.2376
2025-05-05 21:54:49,715 - SteganographyTraining - INFO - - Average Decoder Loss: 0.1774
2025-05-05 21:54:49,716 - SteganographyTraining - INFO - - Average Decoder Accuracy: 0.5024
2025-05-05 21:54:49,716 - SteganographyTraining - INFO - - Average Perceptual Loss: 0.0010
2025-05-05 21:54:49,716 - SteganographyTraining - INFO - - Average Detection Loss: 0.4741
2025-05-05 21:54:49,716 - SteganographyTraining - INFO - - Epoch Time: 0:04:58
2025-05-05 21:54:49,716 - SteganographyTraining - INFO - - Estimated Remaining Time: 1:05:19
2025-05-05 21:59:54,343 - SteganographyTraining - INFO - 
Epoch 3/15:
2025-05-05 21:59:54,344 - SteganographyTraining - INFO - - Batches Processed: 613
2025-05-05 21:59:54,344 - SteganographyTraining - INFO - - Average Encoder Loss: 0.2376
2025-05-05 21:59:54,344 - SteganographyTraining - INFO - - Average Decoder Loss: 0.1756
2025-05-05 21:59:54,344 - SteganographyTraining - INFO - - Average Decoder Accuracy: 0.5094
2025-05-05 21:59:54,344 - SteganographyTraining - INFO - - Average Perceptual Loss: 0.0010
2025-05-05 21:59:54,344 - SteganographyTraining - INFO - - Average Detection Loss: 0.4742
2025-05-05 21:59:54,344 - SteganographyTraining - INFO - - Epoch Time: 0:05:04
2025-05-05 21:59:54,344 - SteganographyTraining - INFO - - Estimated Remaining Time: 1:00:30
2025-05-05 22:04:53,131 - SteganographyTraining - INFO - 
Epoch 4/15:
2025-05-05 22:04:53,133 - SteganographyTraining - INFO - - Batches Processed: 613
2025-05-05 22:04:53,133 - SteganographyTraining - INFO - - Average Encoder Loss: 0.2377
2025-05-05 22:04:53,133 - SteganographyTraining - INFO - - Average Decoder Loss: 0.1754
2025-05-05 22:04:53,133 - SteganographyTraining - INFO - - Average Decoder Accuracy: 0.5106
2025-05-05 22:04:53,133 - SteganographyTraining - INFO - - Average Perceptual Loss: 0.0010
2025-05-05 22:04:53,133 - SteganographyTraining - INFO - - Average Detection Loss: 0.4743
2025-05-05 22:04:53,133 - SteganographyTraining - INFO - - Epoch Time: 0:04:58
2025-05-05 22:04:53,133 - SteganographyTraining - INFO - - Estimated Remaining Time: 0:55:17
2025-05-05 22:09:51,863 - SteganographyTraining - INFO - 
Epoch 5/15:
2025-05-05 22:09:51,864 - SteganographyTraining - INFO - - Batches Processed: 613
2025-05-05 22:09:51,864 - SteganographyTraining - INFO - - Average Encoder Loss: 0.2378
2025-05-05 22:09:51,864 - SteganographyTraining - INFO - - Average Decoder Loss: 0.1743
2025-05-05 22:09:51,864 - SteganographyTraining - INFO - - Average Decoder Accuracy: 0.5151
2025-05-05 22:09:51,864 - SteganographyTraining - INFO - - Average Perceptual Loss: 0.0010
2025-05-05 22:09:51,865 - SteganographyTraining - INFO - - Average Detection Loss: 0.4745
2025-05-05 22:09:51,865 - SteganographyTraining - INFO - - Epoch Time: 0:04:58
2025-05-05 22:09:51,865 - SteganographyTraining - INFO - - Estimated Remaining Time: 0:50:10
2025-05-05 22:14:50,165 - SteganographyTraining - INFO - 
Epoch 6/15:
2025-05-05 22:14:50,166 - SteganographyTraining - INFO - - Batches Processed: 613
2025-05-05 22:14:50,166 - SteganographyTraining - INFO - - Average Encoder Loss: 0.2375
2025-05-05 22:14:50,166 - SteganographyTraining - INFO - - Average Decoder Loss: 0.1744
2025-05-05 22:14:50,166 - SteganographyTraining - INFO - - Average Decoder Accuracy: 0.5110
2025-05-05 22:14:50,166 - SteganographyTraining - INFO - - Average Perceptual Loss: 0.0010
2025-05-05 22:14:50,166 - SteganographyTraining - INFO - - Average Detection Loss: 0.4740
2025-05-05 22:14:50,166 - SteganographyTraining - INFO - - Epoch Time: 0:04:58
2025-05-05 22:14:50,166 - SteganographyTraining - INFO - - Estimated Remaining Time: 0:45:05
2025-05-05 22:53:57,154 - SteganographyTraining - INFO - 
Epoch 7/15:
2025-05-05 22:53:57,155 - SteganographyTraining - INFO - - Batches Processed: 613
2025-05-05 22:53:57,155 - SteganographyTraining - INFO - - Average Encoder Loss: 0.2376
2025-05-05 22:53:57,155 - SteganographyTraining - INFO - - Average Decoder Loss: 0.1748
2025-05-05 22:53:57,155 - SteganographyTraining - INFO - - Average Decoder Accuracy: 0.4976
2025-05-05 22:53:57,155 - SteganographyTraining - INFO - - Average Perceptual Loss: 0.0010
2025-05-05 22:53:57,155 - SteganographyTraining - INFO - - Average Detection Loss: 0.4742
2025-05-05 22:53:57,155 - SteganographyTraining - INFO - - Epoch Time: 0:39:06
2025-05-05 22:53:57,155 - SteganographyTraining - INFO - - Estimated Remaining Time: 1:19:03
2025-05-05 22:58:56,013 - SteganographyTraining - INFO - 
Epoch 8/15:
2025-05-05 22:58:56,014 - SteganographyTraining - INFO - - Batches Processed: 613
2025-05-05 22:58:56,014 - SteganographyTraining - INFO - - Average Encoder Loss: 0.2380
2025-05-05 22:58:56,014 - SteganographyTraining - INFO - - Average Decoder Loss: 0.1742
2025-05-05 22:58:56,014 - SteganographyTraining - INFO - - Average Decoder Accuracy: 0.4984
2025-05-05 22:58:56,014 - SteganographyTraining - INFO - - Average Perceptual Loss: 0.0010
2025-05-05 22:58:56,014 - SteganographyTraining - INFO - - Average Detection Loss: 0.4749
2025-05-05 22:58:56,014 - SteganographyTraining - INFO - - Epoch Time: 0:04:58
2025-05-05 22:58:56,014 - SteganographyTraining - INFO - - Estimated Remaining Time: 1:04:53
2025-05-05 23:04:00,445 - SteganographyTraining - INFO - 
Epoch 9/15:
2025-05-05 23:04:00,447 - SteganographyTraining - INFO - - Batches Processed: 613
2025-05-05 23:04:00,447 - SteganographyTraining - INFO - - Average Encoder Loss: 0.2376
2025-05-05 23:04:00,447 - SteganographyTraining - INFO - - Average Decoder Loss: 0.1744
2025-05-05 23:04:00,447 - SteganographyTraining - INFO - - Average Decoder Accuracy: 0.4955
2025-05-05 23:04:00,447 - SteganographyTraining - INFO - - Average Perceptual Loss: 0.0010
2025-05-05 23:04:00,447 - SteganographyTraining - INFO - - Average Detection Loss: 0.4741
2025-05-05 23:04:00,447 - SteganographyTraining - INFO - - Epoch Time: 0:05:04
2025-05-05 23:04:00,447 - SteganographyTraining - INFO - - Estimated Remaining Time: 0:52:49
2025-05-05 23:08:56,833 - SteganographyTraining - INFO - 
Epoch 10/15:
2025-05-05 23:08:56,834 - SteganographyTraining - INFO - - Batches Processed: 613
2025-05-05 23:08:56,834 - SteganographyTraining - INFO - - Average Encoder Loss: 0.2373
2025-05-05 23:08:56,835 - SteganographyTraining - INFO - - Average Decoder Loss: 0.1742
2025-05-05 23:08:56,835 - SteganographyTraining - INFO - - Average Decoder Accuracy: 0.5051
2025-05-05 23:08:56,835 - SteganographyTraining - INFO - - Average Perceptual Loss: 0.0010
2025-05-05 23:08:56,835 - SteganographyTraining - INFO - - Average Detection Loss: 0.4736
2025-05-05 23:08:56,835 - SteganographyTraining - INFO - - Epoch Time: 0:04:56
2025-05-05 23:08:56,835 - SteganographyTraining - INFO - - Estimated Remaining Time: 0:42:05
2025-05-05 23:13:54,771 - SteganographyTraining - INFO - 
Epoch 11/15:
2025-05-05 23:13:54,773 - SteganographyTraining - INFO - - Batches Processed: 613
2025-05-05 23:13:54,773 - SteganographyTraining - INFO - - Average Encoder Loss: 0.2375
2025-05-05 23:13:54,773 - SteganographyTraining - INFO - - Average Decoder Loss: 0.1739
2025-05-05 23:13:54,773 - SteganographyTraining - INFO - - Average Decoder Accuracy: 0.5094
2025-05-05 23:13:54,773 - SteganographyTraining - INFO - - Average Perceptual Loss: 0.0010
2025-05-05 23:13:54,773 - SteganographyTraining - INFO - - Average Detection Loss: 0.4741
2025-05-05 23:13:54,773 - SteganographyTraining - INFO - - Epoch Time: 0:04:57
2025-05-05 23:13:54,773 - SteganographyTraining - INFO - - Estimated Remaining Time: 0:32:24
2025-05-05 23:18:52,660 - SteganographyTraining - INFO - 
Epoch 12/15:
2025-05-05 23:18:52,662 - SteganographyTraining - INFO - - Batches Processed: 613
2025-05-05 23:18:52,662 - SteganographyTraining - INFO - - Average Encoder Loss: 0.2375
2025-05-05 23:18:52,662 - SteganographyTraining - INFO - - Average Decoder Loss: 0.1739
2025-05-05 23:18:52,662 - SteganographyTraining - INFO - - Average Decoder Accuracy: 0.5022
2025-05-05 23:18:52,662 - SteganographyTraining - INFO - - Average Perceptual Loss: 0.0010
2025-05-05 23:18:52,662 - SteganographyTraining - INFO - - Average Detection Loss: 0.4740
2025-05-05 23:18:52,662 - SteganographyTraining - INFO - - Epoch Time: 0:04:57
2025-05-05 23:18:52,662 - SteganographyTraining - INFO - - Estimated Remaining Time: 0:23:31
2025-05-05 23:23:49,547 - SteganographyTraining - INFO - 
Epoch 13/15:
2025-05-05 23:23:49,548 - SteganographyTraining - INFO - - Batches Processed: 613
2025-05-05 23:23:49,548 - SteganographyTraining - INFO - - Average Encoder Loss: 0.2378
2025-05-05 23:23:49,549 - SteganographyTraining - INFO - - Average Decoder Loss: 0.1740
2025-05-05 23:23:49,549 - SteganographyTraining - INFO - - Average Decoder Accuracy: 0.5082
2025-05-05 23:23:49,549 - SteganographyTraining - INFO - - Average Perceptual Loss: 0.0010
2025-05-05 23:23:49,549 - SteganographyTraining - INFO - - Average Detection Loss: 0.4746
2025-05-05 23:23:49,549 - SteganographyTraining - INFO - - Epoch Time: 0:04:56
2025-05-05 23:23:49,549 - SteganographyTraining - INFO - - Estimated Remaining Time: 0:15:14
2025-05-05 23:28:50,990 - SteganographyTraining - INFO - 
Epoch 14/15:
2025-05-05 23:28:50,992 - SteganographyTraining - INFO - - Batches Processed: 613
2025-05-05 23:28:50,992 - SteganographyTraining - INFO - - Average Encoder Loss: 0.2376
2025-05-05 23:28:50,992 - SteganographyTraining - INFO - - Average Decoder Loss: 0.1741
2025-05-05 23:28:50,992 - SteganographyTraining - INFO - - Average Decoder Accuracy: 0.4976
2025-05-05 23:28:50,992 - SteganographyTraining - INFO - - Average Perceptual Loss: 0.0010
2025-05-05 23:28:50,992 - SteganographyTraining - INFO - - Average Detection Loss: 0.4743
2025-05-05 23:28:50,992 - SteganographyTraining - INFO - - Epoch Time: 0:05:01
2025-05-05 23:28:50,992 - SteganographyTraining - INFO - - Estimated Remaining Time: 0:07:26
2025-05-05 23:33:57,234 - SteganographyTraining - INFO - 
Epoch 15/15:
2025-05-05 23:33:57,235 - SteganographyTraining - INFO - - Batches Processed: 613
2025-05-05 23:33:57,235 - SteganographyTraining - INFO - - Average Encoder Loss: 0.2374
2025-05-05 23:33:57,235 - SteganographyTraining - INFO - - Average Decoder Loss: 0.1738
2025-05-05 23:33:57,235 - SteganographyTraining - INFO - - Average Decoder Accuracy: 0.4849
2025-05-05 23:33:57,235 - SteganographyTraining - INFO - - Average Perceptual Loss: 0.0010
2025-05-05 23:33:57,235 - SteganographyTraining - INFO - - Average Detection Loss: 0.4737
2025-05-05 23:33:57,235 - SteganographyTraining - INFO - - Epoch Time: 0:05:06
2025-05-05 23:33:57,236 - SteganographyTraining - INFO - - Estimated Remaining Time: 0:00:00
2025-05-05 23:33:57,236 - SteganographyTraining - INFO - Training complete, saving final models...
2025-05-05 23:33:57,265 - SteganographyTraining - INFO - Final models saved successfully to final_models/log_mel/
2025-05-05 23:33:57,265 - SteganographyTraining - INFO - Testing trained models on random samples from the dataset...
2025-05-05 23:33:57,265 - SteganographyTraining - INFO - ================================================================================
2025-05-05 23:33:57,265 - SteganographyTraining - INFO - TESTING ON RANDOM SAMPLES
2025-05-05 23:33:57,265 - SteganographyTraining - INFO - ================================================================================
2025-05-05 23:33:57,281 - SteganographyTraining - INFO - Testing on sample 1/10: Speaker30_006.wav
2025-05-05 23:33:57,281 - SteganographyTraining - INFO - Audio shape: torch.Size([1, 240000]), Duration: 15.00s
